<?xml version="1.0" encoding="UTF-8"?>
<!-- Generated by org.testng.reporters.JUnitReportReporter -->
<testsuite hostname="HP" failures="0" tests="1" name="testngpkg.Facebookpgm" time="1.624" errors="0" timestamp="2023-12-13T17:12:55 IST" skipped="0">
  <testcase classname="testngpkg.Facebookpgm" name="test1" time="1.624"/>
  <system-out/>
</testsuite> <!-- testngpkg.Facebookpgm -->
