<?xml version="1.0" encoding="UTF-8"?>
<!-- Generated by org.testng.reporters.JUnitReportReporter -->
<testsuite hostname="HP" failures="0" tests="2" name="testngpkg.Amazonprgrm" time="12.866" errors="0" timestamp="2023-12-22T15:47:35 IST" skipped="0">
  <testcase classname="testngpkg.Amazonprgrm" name="test1" time="2.907"/>
  <system-out/>
  <testcase classname="testngpkg.Amazonprgrm" name="test2" time="9.959"/>
  <system-out/>
</testsuite> <!-- testngpkg.Amazonprgrm -->
