<?xml version="1.0" encoding="UTF-8"?>
<!-- Generated by org.testng.reporters.JUnitReportReporter -->
<testsuite hostname="HP" failures="0" tests="1" name="testngpkg.DatePickerprgrm" time="1.500" errors="0" timestamp="2023-12-20T17:23:47 IST" skipped="0">
  <testcase classname="testngpkg.DatePickerprgrm" name="datepickertest" time="1.500"/>
  <system-out/>
</testsuite> <!-- testngpkg.DatePickerprgrm -->
