<?xml version="1.0" encoding="UTF-8"?>
<!-- Generated by org.testng.reporters.JUnitReportReporter -->
<testsuite hostname="HP" failures="0" tests="1" name="testngpkg.BookingcomDatePicker" time="1.224" errors="0" timestamp="2023-12-22T16:09:12 IST" skipped="0">
  <testcase classname="testngpkg.BookingcomDatePicker" name="datepickertest" time="1.224"/>
  <system-out/>
</testsuite> <!-- testngpkg.BookingcomDatePicker -->
