<?xml version="1.0" encoding="UTF-8"?>
<!-- Generated by org.testng.reporters.JUnitReportReporter -->
<testsuite hostname="HP" failures="0" tests="1" name="rishitestpkg.RishiHerbalTestPrgrm" time="0.717" errors="0" timestamp="2024-01-03T17:59:52 IST" skipped="0">
  <testcase classname="rishitestpkg.RishiHerbalTestPrgrm" name="testlogin" time="0.717"/>
  <system-out/>
</testsuite> <!-- rishitestpkg.RishiHerbalTestPrgrm -->
