<?xml version="1.0" encoding="UTF-8"?>
<!-- Generated by org.testng.reporters.JUnitReportReporter -->
<testsuite hostname="HP" failures="0" tests="1" name="testngpkg.LoginValidationPrgrm" time="1.329" errors="0" timestamp="2023-12-27T17:10:54 IST" skipped="0">
  <testcase classname="testngpkg.LoginValidationPrgrm" name="test" time="1.329"/>
  <system-out/>
</testsuite> <!-- testngpkg.LoginValidationPrgrm -->
