<?xml version="1.0" encoding="UTF-8"?>
<!-- Generated by org.testng.reporters.JUnitReportReporter -->
<testsuite hostname="HP" failures="0" tests="1" name="testngpkg.WindowHandlePrgrm" time="7.687" errors="0" timestamp="2023-12-21T16:52:14 IST" skipped="0">
  <testcase classname="testngpkg.WindowHandlePrgrm" name="test" time="7.687"/>
  <system-out/>
</testsuite> <!-- testngpkg.WindowHandlePrgrm -->
