<?xml version="1.0" encoding="UTF-8"?>
<!-- Generated by org.testng.reporters.JUnitReportReporter -->
<testsuite hostname="HP" failures="0" tests="1" name="testngpkg.DragAndDropAction" time="0.714" errors="0" timestamp="2023-12-15T17:03:29 IST" skipped="0">
  <testcase classname="testngpkg.DragAndDropAction" name="test" time="0.714"/>
  <system-out/>
</testsuite> <!-- testngpkg.DragAndDropAction -->
