<?xml version="1.0" encoding="UTF-8"?>
<!-- Generated by org.testng.reporters.JUnitReportReporter -->
<testsuite hostname="HP" failures="0" tests="1" name="rishitestpkg.RishiHerbalHealthTestPrgrm" time="1.955" errors="0" timestamp="2024-01-03T17:51:04 IST" skipped="0">
  <testcase classname="rishitestpkg.RishiHerbalHealthTestPrgrm" name="testlogin" time="1.955"/>
  <system-out/>
</testsuite> <!-- rishitestpkg.RishiHerbalHealthTestPrgrm -->
