<?xml version="1.0" encoding="UTF-8"?>
<!-- Generated by org.testng.reporters.JUnitReportReporter -->
<testsuite hostname="HP" failures="0" tests="1" name="testngpkg.SoftAssertionPrgrm" time="0.011" errors="0" timestamp="2023-12-27T16:54:22 IST" skipped="0">
  <testcase classname="testngpkg.SoftAssertionPrgrm" name="test" time="0.011"/>
  <system-out/>
</testsuite> <!-- testngpkg.SoftAssertionPrgrm -->
