<?xml version="1.0" encoding="UTF-8"?>
<!-- Generated by org.testng.reporters.JUnitReportReporter -->
<testsuite hostname="HP" failures="0" tests="1" name="testngpkg.GuruDemo99FileUpload" time="0.296" errors="0" timestamp="2023-12-27T16:36:53 IST" skipped="0">
  <testcase classname="testngpkg.GuruDemo99FileUpload" name="test" time="0.296"/>
  <system-out/>
</testsuite> <!-- testngpkg.GuruDemo99FileUpload -->
