<?xml version="1.0" encoding="UTF-8"?>
<!-- Generated by org.testng.reporters.JUnitReportReporter -->
<testsuite hostname="HP" failures="0" tests="1" name="testpkg.FbLoginTestPrgrm" time="20.011" errors="0" timestamp="2024-01-03T15:41:13 IST" skipped="0">
  <testcase classname="testpkg.FbLoginTestPrgrm" name="testlogin" time="20.011"/>
  <system-out/>
</testsuite> <!-- testpkg.FbLoginTestPrgrm -->
