<?xml version="1.0" encoding="UTF-8"?>
<!-- Generated by org.testng.reporters.JUnitReportReporter -->
<testsuite hostname="HP" failures="0" tests="1" name="testpkg.FbCreateTest" time="2.612" errors="0" timestamp="2024-01-03T15:41:13 IST" skipped="0">
  <testcase classname="testpkg.FbCreateTest" name="testlogin" time="2.612"/>
  <system-out/>
</testsuite> <!-- testpkg.FbCreateTest -->
