<?xml version="1.0" encoding="UTF-8"?>
<!-- Generated by org.testng.reporters.JUnitReportReporter -->
<testsuite hostname="HP" failures="0" tests="1" name="testngpkg.ImplicitAndExplicitWaits" time="19.946" errors="0" timestamp="2023-12-21T16:27:52 IST" skipped="0">
  <testcase classname="testngpkg.ImplicitAndExplicitWaits" name="test" time="19.946"/>
  <system-out/>
</testsuite> <!-- testngpkg.ImplicitAndExplicitWaits -->
