<?xml version="1.0" encoding="UTF-8"?>
<!-- Generated by org.testng.reporters.JUnitReportReporter -->
<testsuite hostname="HP" failures="0" tests="1" name="testngpkg.FileUploadAutoPrgrm" time="7.439" errors="0" timestamp="2023-12-27T16:33:51 IST" skipped="0">
  <testcase classname="testngpkg.FileUploadAutoPrgrm" name="main" time="7.439"/>
  <system-out/>
</testsuite> <!-- testngpkg.FileUploadAutoPrgrm -->
