<?xml version="1.0" encoding="UTF-8"?>
<!-- Generated by org.testng.reporters.JUnitReportReporter -->
<testsuite hostname="HP" failures="0" tests="1" name="testngpkg.GuruDemoSite" time="0.553" errors="0" timestamp="2023-12-20T15:54:17 IST" skipped="0">
  <testcase classname="testngpkg.GuruDemoSite" name="test" time="0.553"/>
  <system-out/>
</testsuite> <!-- testngpkg.GuruDemoSite -->
