<?xml version="1.0" encoding="UTF-8"?>
<!-- Generated by org.testng.reporters.JUnitReportReporter -->
<testsuite hostname="HP" failures="0" tests="1" name="testngpkg.Fileupload" time="10.405" errors="0" timestamp="2023-12-26T17:35:37 IST" skipped="0">
  <testcase classname="testngpkg.Fileupload" name="test" time="10.405"/>
  <system-out/>
</testsuite> <!-- testngpkg.Fileupload -->
