<?xml version="1.0" encoding="UTF-8"?>
<!-- Generated by org.testng.reporters.JUnitReportReporter -->
<testsuite hostname="HP" failures="0" tests="1" name="testngpkg.CopyPaste" time="0.533" errors="0" timestamp="2023-12-14T16:04:50 IST" skipped="0">
  <testcase classname="testngpkg.CopyPaste" name="test" time="0.533"/>
  <system-out/>
</testsuite> <!-- testngpkg.CopyPaste -->
